0 info it worked if it ends with ok
1 verbose cli [ '/home/benji/.nvm/versions/node/v6.0.0/bin/node',
1 verbose cli   '/home/benji/.nvm/versions/node/v6.0.0/bin/npm',
1 verbose cli   'publish' ]
2 info using npm@3.8.6
3 info using node@v6.0.0
4 verbose publish [ '.' ]
5 silly cache add args [ '.', null ]
6 verbose cache add spec .
7 silly cache add parsed spec Result {
7 silly cache add   raw: '.',
7 silly cache add   scope: null,
7 silly cache add   name: null,
7 silly cache add   rawSpec: '.',
7 silly cache add   spec: '/home/benji/proyectos/electricdreambot',
7 silly cache add   type: 'directory' }
8 verbose addLocalDirectory /home/benji/.npm/skynet/0.0.1/package.tgz not in flight; packing
9 verbose correctMkdir /home/benji/.npm correctMkdir not in flight; initializing
10 info lifecycle skynet@0.0.1~prepublish: skynet@0.0.1
11 silly lifecycle skynet@0.0.1~prepublish: no script for prepublish, continuing
12 verbose tar pack [ '/home/benji/.npm/skynet/0.0.1/package.tgz',
12 verbose tar pack   '/home/benji/proyectos/electricdreambot' ]
13 verbose tarball /home/benji/.npm/skynet/0.0.1/package.tgz
14 verbose folder /home/benji/proyectos/electricdreambot
15 verbose addLocalTarball adding from inside cache /home/benji/.npm/skynet/0.0.1/package.tgz
16 verbose correctMkdir /home/benji/.npm correctMkdir not in flight; initializing
17 silly cache afterAdd skynet@0.0.1
18 verbose afterAdd /home/benji/.npm/skynet/0.0.1/package/package.json not in flight; writing
19 verbose correctMkdir /home/benji/.npm correctMkdir not in flight; initializing
20 verbose afterAdd /home/benji/.npm/skynet/0.0.1/package/package.json written
21 silly publish { name: 'skynet',
21 silly publish   author: { name: 'Benjamin Fernandez Carrasco' },
21 silly publish   version: '0.0.1',
21 silly publish   private: false,
21 silly publish   main: 'app.js',
21 silly publish   scripts: { start: 'node app.js' },
21 silly publish   keywords: [ 'telegram', 'bot', 'simple', 'app', 'api', 'messages' ],
21 silly publish   dependencies:
21 silly publish    { 'date-format': '0.0.2',
21 silly publish      diskdb: '^0.1.14',
21 silly publish      telebot: '^1.0.0',
21 silly publish      'weather-js': '^1.0.2' },
21 silly publish   gitHead: '031a963f85c2a3f86b14d0b6847c530ef4c7fa94',
21 silly publish   readme: 'ERROR: No README data found!',
21 silly publish   _id: 'skynet@0.0.1',
21 silly publish   _shasum: '7223b7cae73c9084f8fe5a5872397f66b3242d52',
21 silly publish   _from: '.' }
22 verbose getPublishConfig undefined
23 silly mapToRegistry name skynet
24 silly mapToRegistry using default registry
25 silly mapToRegistry registry https://registry.npmjs.org/
26 silly mapToRegistry data Result {
26 silly mapToRegistry   raw: 'skynet',
26 silly mapToRegistry   scope: null,
26 silly mapToRegistry   name: 'skynet',
26 silly mapToRegistry   rawSpec: '',
26 silly mapToRegistry   spec: 'latest',
26 silly mapToRegistry   type: 'tag' }
27 silly mapToRegistry uri https://registry.npmjs.org/skynet
28 verbose publish registryBase https://registry.npmjs.org/
29 silly publish uploading /home/benji/.npm/skynet/0.0.1/package.tgz
30 verbose request uri https://registry.npmjs.org/skynet
31 verbose request sending authorization for write operation
32 info attempt registry request try #1 at 19:28:18
33 verbose request using bearer token for auth
34 verbose request id 6341ad402f47e367
35 http request PUT https://registry.npmjs.org/skynet
36 http 403 https://registry.npmjs.org/skynet
37 verbose headers { 'content-type': 'application/json',
37 verbose headers   'cache-control': 'max-age=300',
37 verbose headers   'content-length': '100',
37 verbose headers   'accept-ranges': 'bytes',
37 verbose headers   date: 'Mon, 09 May 2016 17:28:21 GMT',
37 verbose headers   via: '1.1 varnish',
37 verbose headers   connection: 'keep-alive',
37 verbose headers   'x-served-by': 'cache-ams4147-AMS',
37 verbose headers   'x-cache': 'MISS',
37 verbose headers   'x-cache-hits': '0',
37 verbose headers   'x-timer': 'S1462814899.346786,VS0,VE2299',
37 verbose headers   vary: 'Accept-Encoding' }
38 verbose request invalidating /home/benji/.npm/registry.npmjs.org/skynet on PUT
39 error publish Failed PUT 403
40 verbose stack Error: you do not have permission to publish "skynet". Are you logged in as the correct user? : skynet
40 verbose stack     at makeError (/home/benji/.nvm/versions/node/v6.0.0/lib/node_modules/npm/node_modules/npm-registry-client/lib/request.js:264:12)
40 verbose stack     at CachingRegistryClient.<anonymous> (/home/benji/.nvm/versions/node/v6.0.0/lib/node_modules/npm/node_modules/npm-registry-client/lib/request.js:252:14)
40 verbose stack     at Request._callback (/home/benji/.nvm/versions/node/v6.0.0/lib/node_modules/npm/node_modules/npm-registry-client/lib/request.js:172:14)
40 verbose stack     at Request.self.callback (/home/benji/.nvm/versions/node/v6.0.0/lib/node_modules/npm/node_modules/request/request.js:199:22)
40 verbose stack     at emitTwo (events.js:106:13)
40 verbose stack     at Request.emit (events.js:191:7)
40 verbose stack     at Request.<anonymous> (/home/benji/.nvm/versions/node/v6.0.0/lib/node_modules/npm/node_modules/request/request.js:1036:10)
40 verbose stack     at emitOne (events.js:101:20)
40 verbose stack     at Request.emit (events.js:188:7)
40 verbose stack     at IncomingMessage.<anonymous> (/home/benji/.nvm/versions/node/v6.0.0/lib/node_modules/npm/node_modules/request/request.js:963:12)
41 verbose statusCode 403
42 verbose pkgid skynet
43 verbose cwd /home/benji/proyectos/electricdreambot
44 error Linux 4.4.0-21-generic
45 error argv "/home/benji/.nvm/versions/node/v6.0.0/bin/node" "/home/benji/.nvm/versions/node/v6.0.0/bin/npm" "publish"
46 error node v6.0.0
47 error npm  v3.8.6
48 error code E403
49 error you do not have permission to publish "skynet". Are you logged in as the correct user? : skynet
50 error If you need help, you may report this error at:
50 error     <https://github.com/npm/npm/issues>
51 verbose exit [ 1, true ]
